<?xml version="1.0" encoding="UTF-8"?>
<testng-results ignored="0" total="1" passed="1" failed="0" skipped="0">
  <reporter-output>
  </reporter-output>
  <suite started-at="2024-04-12T09:59:44 IST" name="Default suite" finished-at="2024-04-12T10:00:25 IST" duration-ms="41521">
    <groups>
    </groups>
    <test started-at="2024-04-12T09:59:44 IST" name="Default test" finished-at="2024-04-12T10:00:25 IST" duration-ms="41521">
      <class name="com.testClass.TestCaseLogin">
        <test-method is-config="true" signature="SetUp()[pri:0, instance:com.testClass.TestCaseLogin@6bbe85a8]" started-at="2024-04-12T09:59:44 IST" name="SetUp" finished-at="2024-04-12T09:59:48 IST" duration-ms="4310" status="PASS">
          <reporter-output>
          </reporter-output>
        </test-method> <!-- SetUp -->
        <test-method signature="login()[pri:0, instance:com.testClass.TestCaseLogin@6bbe85a8]" started-at="2024-04-12T09:59:48 IST" name="login" finished-at="2024-04-12T10:00:25 IST" duration-ms="37095" status="PASS">
          <reporter-output>
          </reporter-output>
        </test-method> <!-- login -->
      </class> <!-- com.testClass.TestCaseLogin -->
    </test> <!-- Default test -->
  </suite> <!-- Default suite -->
</testng-results>
